2022-12-18 18:13:04,782 INFO [main] org.springframework.test.context.support.AbstractTestContextBootstrapper: Neither @ContextConfiguration nor @ContextHierarchy found for test class [com.sergio.socialnetwork.controllers.AuthenticationControllerTest], using SpringBootContextLoader
2022-12-18 18:13:04,810 INFO [main] org.springframework.test.context.support.AbstractContextLoader: Could not detect default resource locations for test class [com.sergio.socialnetwork.controllers.AuthenticationControllerTest]: no resource found for suffixes {-context.xml, Context.groovy}.
2022-12-18 18:13:04,811 INFO [main] org.springframework.test.context.support.AnnotationConfigContextLoaderUtils: Could not detect default configuration classes for test class [com.sergio.socialnetwork.controllers.AuthenticationControllerTest]: AuthenticationControllerTest does not declare any static, non-private, non-final, nested classes annotated with @Configuration.
2022-12-18 18:13:05,400 INFO [main] org.springframework.boot.test.context.SpringBootTestContextBootstrapper: Found @SpringBootConfiguration com.sergio.socialnetwork.Application for test class com.sergio.socialnetwork.controllers.AuthenticationControllerTest
2022-12-18 18:13:06,175 INFO [main] org.springframework.test.context.support.AbstractTestContextBootstrapper: Loaded default TestExecutionListener class names from location [META-INF/spring.factories]: [org.springframework.boot.test.mock.mockito.MockitoTestExecutionListener, org.springframework.boot.test.mock.mockito.ResetMocksTestExecutionListener, org.springframework.boot.test.autoconfigure.restdocs.RestDocsTestExecutionListener, org.springframework.boot.test.autoconfigure.web.client.MockRestServiceServerResetTestExecutionListener, org.springframework.boot.test.autoconfigure.web.servlet.MockMvcPrintOnlyOnFailureTestExecutionListener, org.springframework.boot.test.autoconfigure.web.servlet.WebDriverTestExecutionListener, org.springframework.test.context.web.ServletTestExecutionListener, org.springframework.test.context.support.DirtiesContextBeforeModesTestExecutionListener, org.springframework.test.context.support.DependencyInjectionTestExecutionListener, org.springframework.test.context.support.DirtiesContextTestExecutionListener, org.springframework.test.context.transaction.TransactionalTestExecutionListener, org.springframework.test.context.jdbc.SqlScriptsTestExecutionListener, org.springframework.test.context.event.EventPublishingTestExecutionListener, org.springframework.security.test.context.support.WithSecurityContextTestExecutionListener, org.springframework.security.test.context.support.ReactorContextTestExecutionListener]
2022-12-18 18:13:06,264 INFO [main] org.springframework.test.context.support.AbstractTestContextBootstrapper: Using TestExecutionListeners: [org.springframework.test.context.web.ServletTestExecutionListener@4a9412c4, org.springframework.test.context.support.DirtiesContextBeforeModesTestExecutionListener@7d15c513, org.springframework.boot.test.mock.mockito.MockitoTestExecutionListener@320efff5, org.springframework.boot.test.autoconfigure.SpringBootDependencyInjectionTestExecutionListener@78b44fcb, org.springframework.test.context.support.DirtiesContextTestExecutionListener@12dc702b, org.springframework.test.context.transaction.TransactionalTestExecutionListener@41b2123e, org.springframework.test.context.jdbc.SqlScriptsTestExecutionListener@486bcaa, org.springframework.test.context.event.EventPublishingTestExecutionListener@5e9671e6, org.springframework.security.test.context.support.WithSecurityContextTestExecutionListener@2f3a0f37, org.springframework.security.test.context.support.ReactorContextTestExecutionListener@7ec8db0c, org.springframework.boot.test.mock.mockito.ResetMocksTestExecutionListener@4f1a5b93, org.springframework.boot.test.autoconfigure.restdocs.RestDocsTestExecutionListener@22ee1ad7, org.springframework.boot.test.autoconfigure.web.client.MockRestServiceServerResetTestExecutionListener@5dd2ea0a, org.springframework.boot.test.autoconfigure.web.servlet.MockMvcPrintOnlyOnFailureTestExecutionListener@65fa4a07, org.springframework.boot.test.autoconfigure.web.servlet.WebDriverTestExecutionListener@782143e8]
2022-12-18 18:13:08,779 INFO [main] org.springframework.boot.StartupInfoLogger: Starting AuthenticationControllerTest on LAPTOP-LK47RIAR with PID 13472 (started by User in D:\Java_Learning\Courses\Spring Security Core Beginner to Guru\Applications\backend-social-network)
2022-12-18 18:13:08,784 DEBUG [main] org.springframework.boot.StartupInfoLogger: Running with Spring Boot v2.2.6.RELEASE, Spring v5.2.5.RELEASE
2022-12-18 18:13:08,793 INFO [main] org.springframework.boot.SpringApplication: The following profiles are active: test
2022-12-18 18:13:11,720 INFO [main] org.springframework.data.repository.config.RepositoryConfigurationDelegate: Bootstrapping Spring Data JPA repositories in DEFAULT mode.
2022-12-18 18:13:12,080 INFO [main] org.springframework.data.repository.config.RepositoryConfigurationDelegate: Finished Spring Data repository scanning in 315ms. Found 3 JPA repository interfaces.
2022-12-18 18:13:17,139 INFO [main] com.zaxxer.hikari.HikariDataSource: HikariPool-1 - Starting...
2022-12-18 18:13:18,951 INFO [main] com.zaxxer.hikari.HikariDataSource: HikariPool-1 - Start completed.
2022-12-18 18:13:19,415 INFO [main] org.hibernate.jpa.internal.util.LogHelper: HHH000204: Processing PersistenceUnitInfo [name: default]
2022-12-18 18:13:19,767 INFO [main] org.hibernate.Version: HHH000412: Hibernate ORM core version 5.4.12.Final
2022-12-18 18:13:19,890 INFO [main] org.hibernate.annotations.common.reflection.java.JavaReflectionManager: HCANN000001: Hibernate Commons Annotations {5.1.0.Final}
2022-12-18 18:13:21,186 INFO [main] org.hibernate.dialect.Dialect: HHH000400: Using dialect: org.hibernate.dialect.H2Dialect
2022-12-18 18:13:24,401 INFO [main] org.hibernate.engine.transaction.jta.platform.internal.JtaPlatformInitiator: HHH000490: Using JtaPlatform implementation: [org.hibernate.engine.transaction.jta.platform.internal.NoJtaPlatform]
2022-12-18 18:13:24,444 INFO [main] org.springframework.orm.jpa.AbstractEntityManagerFactoryBean: Initialized JPA EntityManagerFactory for persistence unit 'default'
2022-12-18 18:13:26,703 INFO [main] org.springframework.boot.autoconfigure.security.servlet.UserDetailsServiceAutoConfiguration: 

Using generated security password: d2c27872-0ac0-4ee4-90be-8ecc366b934a

2022-12-18 18:13:27,101 INFO [main] org.springframework.security.web.DefaultSecurityFilterChain: Creating filter chain: any request, [org.springframework.security.web.context.request.async.WebAsyncManagerIntegrationFilter@5af9f0cb, org.springframework.security.web.context.SecurityContextPersistenceFilter@407bd054, org.springframework.security.web.header.HeaderWriterFilter@2a6045bf, org.springframework.security.web.authentication.logout.LogoutFilter@6d1be95c, com.sergio.socialnetwork.config.JwtAuthFilter@3e0465ae, com.sergio.socialnetwork.config.UsernamePasswordAuthFilter@76b678a7, org.springframework.security.web.savedrequest.RequestCacheAwareFilter@4f27a373, org.springframework.security.web.servletapi.SecurityContextHolderAwareRequestFilter@757e9a52, org.springframework.security.web.authentication.AnonymousAuthenticationFilter@54dd2a3c, org.springframework.security.web.session.SessionManagementFilter@531a3441, org.springframework.security.web.access.ExceptionTranslationFilter@fbb2df0, org.springframework.security.web.access.intercept.FilterSecurityInterceptor@499e460f]
2022-12-18 18:13:30,432 INFO [main] org.springframework.boot.StartupInfoLogger: Started AuthenticationControllerTest in 23.156 seconds (JVM running for 30.959)
2022-12-18 18:13:30,519 INFO [main] org.springframework.mock.web.MockServletContext: Initializing Spring TestDispatcherServlet ''
2022-12-18 18:13:30,519 INFO [main] org.springframework.web.servlet.FrameworkServlet: Initializing Servlet ''
2022-12-18 18:13:30,520 INFO [main] org.springframework.web.servlet.FrameworkServlet: Completed initialization in 1 ms
2022-12-18 18:13:30,668 INFO [main] org.springframework.mock.web.MockServletContext: Initializing Spring TestDispatcherServlet ''
2022-12-18 18:13:30,668 INFO [main] org.springframework.web.servlet.FrameworkServlet: Initializing Servlet ''
2022-12-18 18:13:30,669 INFO [main] org.springframework.web.servlet.FrameworkServlet: Completed initialization in 0 ms
2022-12-18 18:13:30,977 INFO [main] org.springframework.test.context.support.AbstractTestContextBootstrapper: Neither @ContextConfiguration nor @ContextHierarchy found for test class [com.sergio.socialnetwork.controllers.CommunityControllerTest], using SpringBootContextLoader
2022-12-18 18:13:30,978 INFO [main] org.springframework.test.context.support.AbstractContextLoader: Could not detect default resource locations for test class [com.sergio.socialnetwork.controllers.CommunityControllerTest]: no resource found for suffixes {-context.xml, Context.groovy}.
2022-12-18 18:13:30,979 INFO [main] org.springframework.test.context.support.AnnotationConfigContextLoaderUtils: Could not detect default configuration classes for test class [com.sergio.socialnetwork.controllers.CommunityControllerTest]: CommunityControllerTest does not declare any static, non-private, non-final, nested classes annotated with @Configuration.
2022-12-18 18:13:30,980 INFO [main] org.springframework.boot.test.context.SpringBootTestContextBootstrapper: Found @SpringBootConfiguration com.sergio.socialnetwork.Application for test class com.sergio.socialnetwork.controllers.CommunityControllerTest
2022-12-18 18:13:30,982 INFO [main] org.springframework.test.context.support.AbstractTestContextBootstrapper: Loaded default TestExecutionListener class names from location [META-INF/spring.factories]: [org.springframework.boot.test.mock.mockito.MockitoTestExecutionListener, org.springframework.boot.test.mock.mockito.ResetMocksTestExecutionListener, org.springframework.boot.test.autoconfigure.restdocs.RestDocsTestExecutionListener, org.springframework.boot.test.autoconfigure.web.client.MockRestServiceServerResetTestExecutionListener, org.springframework.boot.test.autoconfigure.web.servlet.MockMvcPrintOnlyOnFailureTestExecutionListener, org.springframework.boot.test.autoconfigure.web.servlet.WebDriverTestExecutionListener, org.springframework.test.context.web.ServletTestExecutionListener, org.springframework.test.context.support.DirtiesContextBeforeModesTestExecutionListener, org.springframework.test.context.support.DependencyInjectionTestExecutionListener, org.springframework.test.context.support.DirtiesContextTestExecutionListener, org.springframework.test.context.transaction.TransactionalTestExecutionListener, org.springframework.test.context.jdbc.SqlScriptsTestExecutionListener, org.springframework.test.context.event.EventPublishingTestExecutionListener, org.springframework.security.test.context.support.WithSecurityContextTestExecutionListener, org.springframework.security.test.context.support.ReactorContextTestExecutionListener]
2022-12-18 18:13:30,983 INFO [main] org.springframework.test.context.support.AbstractTestContextBootstrapper: Using TestExecutionListeners: [org.springframework.test.context.web.ServletTestExecutionListener@1151e70e, org.springframework.test.context.support.DirtiesContextBeforeModesTestExecutionListener@48551fd1, org.springframework.boot.test.mock.mockito.MockitoTestExecutionListener@a2c730d, org.springframework.boot.test.autoconfigure.SpringBootDependencyInjectionTestExecutionListener@1c2dae93, org.springframework.test.context.support.DirtiesContextTestExecutionListener@25a438f, org.springframework.test.context.transaction.TransactionalTestExecutionListener@62916f82, org.springframework.test.context.jdbc.SqlScriptsTestExecutionListener@bccdcc6, org.springframework.test.context.event.EventPublishingTestExecutionListener@7a64b21a, org.springframework.security.test.context.support.WithSecurityContextTestExecutionListener@2a72d0e2, org.springframework.security.test.context.support.ReactorContextTestExecutionListener@43f65751, org.springframework.boot.test.mock.mockito.ResetMocksTestExecutionListener@2eb18905, org.springframework.boot.test.autoconfigure.restdocs.RestDocsTestExecutionListener@719a0aab, org.springframework.boot.test.autoconfigure.web.client.MockRestServiceServerResetTestExecutionListener@4d5331ba, org.springframework.boot.test.autoconfigure.web.servlet.MockMvcPrintOnlyOnFailureTestExecutionListener@3c6eab9e, org.springframework.boot.test.autoconfigure.web.servlet.WebDriverTestExecutionListener@1eb5f4b7]
2022-12-18 18:13:31,012 INFO [main] org.springframework.boot.StartupInfoLogger: Starting CommunityControllerTest on LAPTOP-LK47RIAR with PID 13472 (started by User in D:\Java_Learning\Courses\Spring Security Core Beginner to Guru\Applications\backend-social-network)
2022-12-18 18:13:31,013 DEBUG [main] org.springframework.boot.StartupInfoLogger: Running with Spring Boot v2.2.6.RELEASE, Spring v5.2.5.RELEASE
2022-12-18 18:13:31,013 INFO [main] org.springframework.boot.SpringApplication: The following profiles are active: test
2022-12-18 18:13:31,178 INFO [main] org.springframework.data.repository.config.RepositoryConfigurationDelegate: Bootstrapping Spring Data JPA repositories in DEFAULT mode.
2022-12-18 18:13:31,194 INFO [main] org.springframework.data.repository.config.RepositoryConfigurationDelegate: Finished Spring Data repository scanning in 15ms. Found 3 JPA repository interfaces.
2022-12-18 18:13:31,395 INFO [main] com.zaxxer.hikari.HikariDataSource: HikariPool-2 - Starting...
2022-12-18 18:13:31,396 INFO [main] com.zaxxer.hikari.HikariDataSource: HikariPool-2 - Start completed.
2022-12-18 18:13:31,408 INFO [main] org.hibernate.jpa.internal.util.LogHelper: HHH000204: Processing PersistenceUnitInfo [name: default]
2022-12-18 18:13:31,413 INFO [main] org.hibernate.dialect.Dialect: HHH000400: Using dialect: org.hibernate.dialect.H2Dialect
2022-12-18 18:13:31,436 ERROR [main] org.hibernate.engine.jdbc.env.internal.JdbcEnvironmentImpl: Could not fetch the SequenceInformation from the database
org.h2.jdbc.JdbcSQLSyntaxErrorException: Column "min_value" not found [42122-210]
	at org.h2.message.DbException.getJdbcSQLException(DbException.java:521)
	at org.h2.message.DbException.getJdbcSQLException(DbException.java:496)
	at org.h2.message.DbException.get(DbException.java:227)
	at org.h2.message.DbException.get(DbException.java:203)
	at org.h2.jdbc.JdbcResultSet.getColumnIndex(JdbcResultSet.java:3492)
	at org.h2.jdbc.JdbcResultSet.getLong(JdbcResultSet.java:745)
	at com.zaxxer.hikari.pool.HikariProxyResultSet.getLong(HikariProxyResultSet.java)
	at org.hibernate.tool.schema.extract.internal.SequenceInformationExtractorLegacyImpl.resultSetMinValue(SequenceInformationExtractorLegacyImpl.java:134)
	at org.hibernate.tool.schema.extract.internal.SequenceInformationExtractorLegacyImpl.extractMetadata(SequenceInformationExtractorLegacyImpl.java:60)
	at org.hibernate.engine.jdbc.env.internal.JdbcEnvironmentImpl.sequenceInformationList(JdbcEnvironmentImpl.java:403)
	at org.hibernate.engine.jdbc.env.internal.JdbcEnvironmentImpl.<init>(JdbcEnvironmentImpl.java:268)
	at org.hibernate.engine.jdbc.env.internal.JdbcEnvironmentInitiator.initiateService(JdbcEnvironmentInitiator.java:114)
	at org.hibernate.engine.jdbc.env.internal.JdbcEnvironmentInitiator.initiateService(JdbcEnvironmentInitiator.java:35)
	at org.hibernate.boot.registry.internal.StandardServiceRegistryImpl.initiateService(StandardServiceRegistryImpl.java:101)
	at org.hibernate.service.internal.AbstractServiceRegistryImpl.createService(AbstractServiceRegistryImpl.java:263)
	at org.hibernate.service.internal.AbstractServiceRegistryImpl.initializeService(AbstractServiceRegistryImpl.java:237)
	at org.hibernate.service.internal.AbstractServiceRegistryImpl.getService(AbstractServiceRegistryImpl.java:214)
	at org.hibernate.id.factory.internal.DefaultIdentifierGeneratorFactory.injectServices(DefaultIdentifierGeneratorFactory.java:152)
	at org.hibernate.service.internal.AbstractServiceRegistryImpl.injectDependencies(AbstractServiceRegistryImpl.java:286)
	at org.hibernate.service.internal.AbstractServiceRegistryImpl.initializeService(AbstractServiceRegistryImpl.java:243)
	at org.hibernate.service.internal.AbstractServiceRegistryImpl.getService(AbstractServiceRegistryImpl.java:214)
	at org.hibernate.boot.internal.InFlightMetadataCollectorImpl.<init>(InFlightMetadataCollectorImpl.java:176)
	at org.hibernate.boot.model.process.spi.MetadataBuildingProcess.complete(MetadataBuildingProcess.java:118)
	at org.hibernate.jpa.boot.internal.EntityManagerFactoryBuilderImpl.metadata(EntityManagerFactoryBuilderImpl.java:1202)
	at org.hibernate.jpa.boot.internal.EntityManagerFactoryBuilderImpl.build(EntityManagerFactoryBuilderImpl.java:1233)
	at org.springframework.orm.jpa.vendor.SpringHibernateJpaPersistenceProvider.createContainerEntityManagerFactory(SpringHibernateJpaPersistenceProvider.java:58)
	at org.springframework.orm.jpa.LocalContainerEntityManagerFactoryBean.createNativeEntityManagerFactory(LocalContainerEntityManagerFactoryBean.java:365)
	at org.springframework.orm.jpa.AbstractEntityManagerFactoryBean.buildNativeEntityManagerFactory(AbstractEntityManagerFactoryBean.java:391)
	at org.springframework.orm.jpa.AbstractEntityManagerFactoryBean.afterPropertiesSet(AbstractEntityManagerFactoryBean.java:378)
	at org.springframework.orm.jpa.LocalContainerEntityManagerFactoryBean.afterPropertiesSet(LocalContainerEntityManagerFactoryBean.java:341)
	at org.springframework.beans.factory.support.AbstractAutowireCapableBeanFactory.invokeInitMethods(AbstractAutowireCapableBeanFactory.java:1855)
	at org.springframework.beans.factory.support.AbstractAutowireCapableBeanFactory.initializeBean(AbstractAutowireCapableBeanFactory.java:1792)
	at org.springframework.beans.factory.support.AbstractAutowireCapableBeanFactory.doCreateBean(AbstractAutowireCapableBeanFactory.java:595)
	at org.springframework.beans.factory.support.AbstractAutowireCapableBeanFactory.createBean(AbstractAutowireCapableBeanFactory.java:517)
	at org.springframework.beans.factory.support.AbstractBeanFactory.lambda$doGetBean$0(AbstractBeanFactory.java:323)
	at org.springframework.beans.factory.support.DefaultSingletonBeanRegistry.getSingleton(DefaultSingletonBeanRegistry.java:222)
	at org.springframework.beans.factory.support.AbstractBeanFactory.doGetBean(AbstractBeanFactory.java:321)
	at org.springframework.beans.factory.support.AbstractBeanFactory.getBean(AbstractBeanFactory.java:202)
	at org.springframework.context.support.AbstractApplicationContext.getBean(AbstractApplicationContext.java:1108)
	at org.springframework.context.support.AbstractApplicationContext.finishBeanFactoryInitialization(AbstractApplicationContext.java:868)
	at org.springframework.context.support.AbstractApplicationContext.refresh(AbstractApplicationContext.java:550)
	at org.springframework.boot.SpringApplication.refresh(SpringApplication.java:747)
	at org.springframework.boot.SpringApplication.refreshContext(SpringApplication.java:397)
	at org.springframework.boot.SpringApplication.run(SpringApplication.java:315)
	at org.springframework.boot.test.context.SpringBootContextLoader.loadContext(SpringBootContextLoader.java:126)
	at org.springframework.test.context.cache.DefaultCacheAwareContextLoaderDelegate.loadContextInternal(DefaultCacheAwareContextLoaderDelegate.java:99)
	at org.springframework.test.context.cache.DefaultCacheAwareContextLoaderDelegate.loadContext(DefaultCacheAwareContextLoaderDelegate.java:124)
	at org.springframework.test.context.support.DefaultTestContext.getApplicationContext(DefaultTestContext.java:123)
	at org.springframework.test.context.web.ServletTestExecutionListener.setUpRequestContextIfNecessary(ServletTestExecutionListener.java:190)
	at org.springframework.test.context.web.ServletTestExecutionListener.prepareTestInstance(ServletTestExecutionListener.java:132)
	at org.springframework.test.context.TestContextManager.prepareTestInstance(TestContextManager.java:244)
	at org.springframework.test.context.junit.jupiter.SpringExtension.postProcessTestInstance(SpringExtension.java:98)
	at org.junit.jupiter.engine.descriptor.ClassBasedTestDescriptor.lambda$invokeTestInstancePostProcessors$5(ClassBasedTestDescriptor.java:337)
	at org.junit.jupiter.engine.descriptor.ClassBasedTestDescriptor.executeAndMaskThrowable(ClassBasedTestDescriptor.java:342)
	at org.junit.jupiter.engine.descriptor.ClassBasedTestDescriptor.lambda$invokeTestInstancePostProcessors$6(ClassBasedTestDescriptor.java:337)
	at java.base/java.util.stream.ReferencePipeline$3$1.accept(ReferencePipeline.java:195)
	at java.base/java.util.stream.ReferencePipeline$2$1.accept(ReferencePipeline.java:177)
	at java.base/java.util.ArrayList$ArrayListSpliterator.forEachRemaining(ArrayList.java:1655)
	at java.base/java.util.stream.AbstractPipeline.copyInto(AbstractPipeline.java:484)
	at java.base/java.util.stream.AbstractPipeline.wrapAndCopyInto(AbstractPipeline.java:474)
	at java.base/java.util.stream.StreamSpliterators$WrappingSpliterator.forEachRemaining(StreamSpliterators.java:312)
	at java.base/java.util.stream.Streams$ConcatSpliterator.forEachRemaining(Streams.java:735)
	at java.base/java.util.stream.Streams$ConcatSpliterator.forEachRemaining(Streams.java:734)
	at java.base/java.util.stream.ReferencePipeline$Head.forEach(ReferencePipeline.java:658)
	at org.junit.jupiter.engine.descriptor.ClassBasedTestDescriptor.invokeTestInstancePostProcessors(ClassBasedTestDescriptor.java:336)
	at org.junit.jupiter.engine.descriptor.ClassBasedTestDescriptor.instantiateAndPostProcessTestInstance(ClassBasedTestDescriptor.java:259)
	at org.junit.jupiter.engine.descriptor.ClassBasedTestDescriptor.lambda$testInstancesProvider$2(ClassBasedTestDescriptor.java:252)
	at java.base/java.util.Optional.orElseGet(Optional.java:369)
	at org.junit.jupiter.engine.descriptor.ClassBasedTestDescriptor.lambda$testInstancesProvider$3(ClassBasedTestDescriptor.java:251)
	at org.junit.jupiter.engine.execution.TestInstancesProvider.getTestInstances(TestInstancesProvider.java:29)
	at org.junit.jupiter.engine.descriptor.TestMethodTestDescriptor.lambda$prepare$0(TestMethodTestDescriptor.java:106)
	at org.junit.platform.engine.support.hierarchical.ThrowableCollector.execute(ThrowableCollector.java:73)
	at org.junit.jupiter.engine.descriptor.TestMethodTestDescriptor.prepare(TestMethodTestDescriptor.java:105)
	at org.junit.jupiter.engine.descriptor.TestMethodTestDescriptor.prepare(TestMethodTestDescriptor.java:69)
	at org.junit.platform.engine.support.hierarchical.NodeTestTask.lambda$prepare$1(NodeTestTask.java:107)
	at org.junit.platform.engine.support.hierarchical.ThrowableCollector.execute(ThrowableCollector.java:73)
	at org.junit.platform.engine.support.hierarchical.NodeTestTask.prepare(NodeTestTask.java:107)
	at org.junit.platform.engine.support.hierarchical.NodeTestTask.execute(NodeTestTask.java:75)
	at java.base/java.util.ArrayList.forEach(ArrayList.java:1541)
	at org.junit.platform.engine.support.hierarchical.SameThreadHierarchicalTestExecutorService.invokeAll(SameThreadHierarchicalTestExecutorService.java:38)
	at org.junit.platform.engine.support.hierarchical.NodeTestTask.lambda$executeRecursively$5(NodeTestTask.java:139)
	at org.junit.platform.engine.support.hierarchical.ThrowableCollector.execute(ThrowableCollector.java:73)
	at org.junit.platform.engine.support.hierarchical.NodeTestTask.lambda$executeRecursively$7(NodeTestTask.java:125)
	at org.junit.platform.engine.support.hierarchical.Node.around(Node.java:135)
	at org.junit.platform.engine.support.hierarchical.NodeTestTask.lambda$executeRecursively$8(NodeTestTask.java:123)
	at org.junit.platform.engine.support.hierarchical.ThrowableCollector.execute(ThrowableCollector.java:73)
	at org.junit.platform.engine.support.hierarchical.NodeTestTask.executeRecursively(NodeTestTask.java:122)
	at org.junit.platform.engine.support.hierarchical.NodeTestTask.execute(NodeTestTask.java:80)
	at java.base/java.util.ArrayList.forEach(ArrayList.java:1541)
	at org.junit.platform.engine.support.hierarchical.SameThreadHierarchicalTestExecutorService.invokeAll(SameThreadHierarchicalTestExecutorService.java:38)
	at org.junit.platform.engine.support.hierarchical.NodeTestTask.lambda$executeRecursively$5(NodeTestTask.java:139)
	at org.junit.platform.engine.support.hierarchical.ThrowableCollector.execute(ThrowableCollector.java:73)
	at org.junit.platform.engine.support.hierarchical.NodeTestTask.lambda$executeRecursively$7(NodeTestTask.java:125)
	at org.junit.platform.engine.support.hierarchical.Node.around(Node.java:135)
	at org.junit.platform.engine.support.hierarchical.NodeTestTask.lambda$executeRecursively$8(NodeTestTask.java:123)
	at org.junit.platform.engine.support.hierarchical.ThrowableCollector.execute(ThrowableCollector.java:73)
	at org.junit.platform.engine.support.hierarchical.NodeTestTask.executeRecursively(NodeTestTask.java:122)
	at org.junit.platform.engine.support.hierarchical.NodeTestTask.execute(NodeTestTask.java:80)
	at org.junit.platform.engine.support.hierarchical.SameThreadHierarchicalTestExecutorService.submit(SameThreadHierarchicalTestExecutorService.java:32)
	at org.junit.platform.engine.support.hierarchical.HierarchicalTestExecutor.execute(HierarchicalTestExecutor.java:57)
	at org.junit.platform.engine.support.hierarchical.HierarchicalTestEngine.execute(HierarchicalTestEngine.java:51)
	at org.junit.platform.launcher.core.DefaultLauncher.execute(DefaultLauncher.java:220)
	at org.junit.platform.launcher.core.DefaultLauncher.lambda$execute$6(DefaultLauncher.java:188)
	at org.junit.platform.launcher.core.DefaultLauncher.withInterceptedStreams(DefaultLauncher.java:202)
	at org.junit.platform.launcher.core.DefaultLauncher.execute(DefaultLauncher.java:181)
	at org.junit.platform.launcher.core.DefaultLauncher.execute(DefaultLauncher.java:128)
	at org.apache.maven.surefire.junitplatform.JUnitPlatformProvider.invokeAllTests(JUnitPlatformProvider.java:150)
	at org.apache.maven.surefire.junitplatform.JUnitPlatformProvider.invoke(JUnitPlatformProvider.java:124)
	at org.apache.maven.surefire.booter.ForkedBooter.invokeProviderInSameClassLoader(ForkedBooter.java:384)
	at org.apache.maven.surefire.booter.ForkedBooter.runSuitesInProcess(ForkedBooter.java:345)
	at org.apache.maven.surefire.booter.ForkedBooter.execute(ForkedBooter.java:126)
	at org.apache.maven.surefire.booter.ForkedBooter.main(ForkedBooter.java:418)
2022-12-18 18:13:31,568 INFO [main] org.hibernate.engine.transaction.jta.platform.internal.JtaPlatformInitiator: HHH000490: Using JtaPlatform implementation: [org.hibernate.engine.transaction.jta.platform.internal.NoJtaPlatform]
2022-12-18 18:13:31,569 INFO [main] org.springframework.orm.jpa.AbstractEntityManagerFactoryBean: Initialized JPA EntityManagerFactory for persistence unit 'default'
2022-12-18 18:13:31,789 INFO [main] org.springframework.boot.autoconfigure.security.servlet.UserDetailsServiceAutoConfiguration: 

Using generated security password: 57b638eb-6618-476d-b0bd-83ee5b699c8e

2022-12-18 18:13:31,866 INFO [main] org.springframework.security.web.DefaultSecurityFilterChain: Creating filter chain: any request, [org.springframework.security.web.context.request.async.WebAsyncManagerIntegrationFilter@34de1887, org.springframework.security.web.context.SecurityContextPersistenceFilter@60105ec0, org.springframework.security.web.header.HeaderWriterFilter@382e5b0a, org.springframework.security.web.authentication.logout.LogoutFilter@45e8e7db, com.sergio.socialnetwork.config.JwtAuthFilter@7a9fd536, com.sergio.socialnetwork.config.UsernamePasswordAuthFilter@319c9d87, org.springframework.security.web.savedrequest.RequestCacheAwareFilter@1da41c2a, org.springframework.security.web.servletapi.SecurityContextHolderAwareRequestFilter@5798f29f, org.springframework.security.web.authentication.AnonymousAuthenticationFilter@cf81045, org.springframework.security.web.session.SessionManagementFilter@97f2f73, org.springframework.security.web.access.ExceptionTranslationFilter@6eb26f7f, org.springframework.security.web.access.intercept.FilterSecurityInterceptor@5f8c4aa3]
2022-12-18 18:13:32,765 INFO [main] org.springframework.boot.StartupInfoLogger: Started CommunityControllerTest in 1.777 seconds (JVM running for 33.293)
2022-12-18 18:13:32,801 INFO [main] org.springframework.mock.web.MockServletContext: Initializing Spring TestDispatcherServlet ''
2022-12-18 18:13:32,802 INFO [main] org.springframework.web.servlet.FrameworkServlet: Initializing Servlet ''
2022-12-18 18:13:32,804 INFO [main] org.springframework.web.servlet.FrameworkServlet: Completed initialization in 0 ms
2022-12-18 18:13:32,908 INFO [main] org.springframework.mock.web.MockServletContext: Initializing Spring TestDispatcherServlet ''
2022-12-18 18:13:32,909 INFO [main] org.springframework.web.servlet.FrameworkServlet: Initializing Servlet ''
2022-12-18 18:13:32,909 INFO [main] org.springframework.web.servlet.FrameworkServlet: Completed initialization in 0 ms
2022-12-18 18:13:32,997 INFO [main] org.springframework.mock.web.MockServletContext: Initializing Spring TestDispatcherServlet ''
2022-12-18 18:13:32,998 INFO [main] org.springframework.web.servlet.FrameworkServlet: Initializing Servlet ''
2022-12-18 18:13:32,998 INFO [main] org.springframework.web.servlet.FrameworkServlet: Completed initialization in 0 ms
2022-12-18 18:13:33,055 INFO [main] org.springframework.mock.web.MockServletContext: Initializing Spring TestDispatcherServlet ''
2022-12-18 18:13:33,056 INFO [main] org.springframework.web.servlet.FrameworkServlet: Initializing Servlet ''
2022-12-18 18:13:33,056 INFO [main] org.springframework.web.servlet.FrameworkServlet: Completed initialization in 0 ms
2022-12-18 18:13:33,098 INFO [main] org.springframework.test.context.support.AbstractTestContextBootstrapper: Neither @ContextConfiguration nor @ContextHierarchy found for test class [com.sergio.socialnetwork.controllers.UserControllerTest], using SpringBootContextLoader
2022-12-18 18:13:33,103 INFO [main] org.springframework.test.context.support.AbstractContextLoader: Could not detect default resource locations for test class [com.sergio.socialnetwork.controllers.UserControllerTest]: no resource found for suffixes {-context.xml, Context.groovy}.
2022-12-18 18:13:33,105 INFO [main] org.springframework.test.context.support.AnnotationConfigContextLoaderUtils: Could not detect default configuration classes for test class [com.sergio.socialnetwork.controllers.UserControllerTest]: UserControllerTest does not declare any static, non-private, non-final, nested classes annotated with @Configuration.
2022-12-18 18:13:33,110 INFO [main] org.springframework.boot.test.context.SpringBootTestContextBootstrapper: Found @SpringBootConfiguration com.sergio.socialnetwork.Application for test class com.sergio.socialnetwork.controllers.UserControllerTest
2022-12-18 18:13:33,115 INFO [main] org.springframework.test.context.support.AbstractTestContextBootstrapper: Loaded default TestExecutionListener class names from location [META-INF/spring.factories]: [org.springframework.boot.test.mock.mockito.MockitoTestExecutionListener, org.springframework.boot.test.mock.mockito.ResetMocksTestExecutionListener, org.springframework.boot.test.autoconfigure.restdocs.RestDocsTestExecutionListener, org.springframework.boot.test.autoconfigure.web.client.MockRestServiceServerResetTestExecutionListener, org.springframework.boot.test.autoconfigure.web.servlet.MockMvcPrintOnlyOnFailureTestExecutionListener, org.springframework.boot.test.autoconfigure.web.servlet.WebDriverTestExecutionListener, org.springframework.test.context.web.ServletTestExecutionListener, org.springframework.test.context.support.DirtiesContextBeforeModesTestExecutionListener, org.springframework.test.context.support.DependencyInjectionTestExecutionListener, org.springframework.test.context.support.DirtiesContextTestExecutionListener, org.springframework.test.context.transaction.TransactionalTestExecutionListener, org.springframework.test.context.jdbc.SqlScriptsTestExecutionListener, org.springframework.test.context.event.EventPublishingTestExecutionListener, org.springframework.security.test.context.support.WithSecurityContextTestExecutionListener, org.springframework.security.test.context.support.ReactorContextTestExecutionListener]
2022-12-18 18:13:33,117 INFO [main] org.springframework.test.context.support.AbstractTestContextBootstrapper: Using TestExecutionListeners: [org.springframework.test.context.web.ServletTestExecutionListener@290b13b9, org.springframework.test.context.support.DirtiesContextBeforeModesTestExecutionListener@46ec62fc, org.springframework.boot.test.mock.mockito.MockitoTestExecutionListener@36158669, org.springframework.boot.test.autoconfigure.SpringBootDependencyInjectionTestExecutionListener@2ebad3fe, org.springframework.test.context.support.DirtiesContextTestExecutionListener@5f5d9b4b, org.springframework.test.context.transaction.TransactionalTestExecutionListener@7a03e9de, org.springframework.test.context.jdbc.SqlScriptsTestExecutionListener@60bf1e39, org.springframework.test.context.event.EventPublishingTestExecutionListener@186214f3, org.springframework.security.test.context.support.WithSecurityContextTestExecutionListener@2b564377, org.springframework.security.test.context.support.ReactorContextTestExecutionListener@4efe12da, org.springframework.boot.test.mock.mockito.ResetMocksTestExecutionListener@562893ea, org.springframework.boot.test.autoconfigure.restdocs.RestDocsTestExecutionListener@5e65d050, org.springframework.boot.test.autoconfigure.web.client.MockRestServiceServerResetTestExecutionListener@47b17d10, org.springframework.boot.test.autoconfigure.web.servlet.MockMvcPrintOnlyOnFailureTestExecutionListener@79e7dffe, org.springframework.boot.test.autoconfigure.web.servlet.WebDriverTestExecutionListener@6b42a4eb]
2022-12-18 18:13:33,177 INFO [main] org.springframework.mock.web.MockServletContext: Initializing Spring TestDispatcherServlet ''
2022-12-18 18:13:33,177 INFO [main] org.springframework.web.servlet.FrameworkServlet: Initializing Servlet ''
2022-12-18 18:13:33,178 INFO [main] org.springframework.web.servlet.FrameworkServlet: Completed initialization in 0 ms
2022-12-18 18:13:33,213 INFO [main] org.springframework.mock.web.MockServletContext: Initializing Spring TestDispatcherServlet ''
2022-12-18 18:13:33,214 INFO [main] org.springframework.web.servlet.FrameworkServlet: Initializing Servlet ''
2022-12-18 18:13:33,214 INFO [main] org.springframework.web.servlet.FrameworkServlet: Completed initialization in 0 ms
2022-12-18 18:13:33,306 INFO [main] org.springframework.mock.web.MockServletContext: Initializing Spring TestDispatcherServlet ''
2022-12-18 18:13:33,306 INFO [main] org.springframework.web.servlet.FrameworkServlet: Initializing Servlet ''
2022-12-18 18:13:33,307 INFO [main] org.springframework.web.servlet.FrameworkServlet: Completed initialization in 0 ms
2022-12-18 18:13:33,387 INFO [main] org.springframework.test.context.support.AbstractTestContextBootstrapper: Neither @ContextConfiguration nor @ContextHierarchy found for test class [com.sergio.socialnetwork.repositories.ImageRepositoryTest], using SpringBootContextLoader
2022-12-18 18:13:33,390 INFO [main] org.springframework.test.context.support.AbstractContextLoader: Could not detect default resource locations for test class [com.sergio.socialnetwork.repositories.ImageRepositoryTest]: no resource found for suffixes {-context.xml, Context.groovy}.
2022-12-18 18:13:33,391 INFO [main] org.springframework.test.context.support.AnnotationConfigContextLoaderUtils: Could not detect default configuration classes for test class [com.sergio.socialnetwork.repositories.ImageRepositoryTest]: ImageRepositoryTest does not declare any static, non-private, non-final, nested classes annotated with @Configuration.
2022-12-18 18:13:33,411 INFO [main] org.springframework.boot.test.context.SpringBootTestContextBootstrapper: Found @SpringBootConfiguration com.sergio.socialnetwork.Application for test class com.sergio.socialnetwork.repositories.ImageRepositoryTest
2022-12-18 18:13:33,422 INFO [main] org.springframework.test.context.support.AbstractTestContextBootstrapper: Using TestExecutionListeners: [org.springframework.test.context.support.DependencyInjectionTestExecutionListener@4cf3a87c, org.springframework.test.context.support.DirtiesContextTestExecutionListener@231ecfb2, org.springframework.test.context.transaction.TransactionalTestExecutionListener@7812bb06, com.github.springtestdbunit.DbUnitTestExecutionListener@5444c7e3]
2022-12-18 18:13:33,451 INFO [main] org.springframework.boot.StartupInfoLogger: Starting ImageRepositoryTest on LAPTOP-LK47RIAR with PID 13472 (started by User in D:\Java_Learning\Courses\Spring Security Core Beginner to Guru\Applications\backend-social-network)
2022-12-18 18:13:33,451 DEBUG [main] org.springframework.boot.StartupInfoLogger: Running with Spring Boot v2.2.6.RELEASE, Spring v5.2.5.RELEASE
2022-12-18 18:13:33,451 INFO [main] org.springframework.boot.SpringApplication: The following profiles are active: test
2022-12-18 18:13:33,701 INFO [main] org.springframework.data.repository.config.RepositoryConfigurationDelegate: Bootstrapping Spring Data JPA repositories in DEFAULT mode.
2022-12-18 18:13:33,727 INFO [main] org.springframework.data.repository.config.RepositoryConfigurationDelegate: Finished Spring Data repository scanning in 24ms. Found 3 JPA repository interfaces.
2022-12-18 18:13:33,912 INFO [main] com.zaxxer.hikari.HikariDataSource: HikariPool-3 - Starting...
2022-12-18 18:13:33,914 INFO [main] com.zaxxer.hikari.HikariDataSource: HikariPool-3 - Start completed.
2022-12-18 18:13:33,932 INFO [main] org.hibernate.jpa.internal.util.LogHelper: HHH000204: Processing PersistenceUnitInfo [name: default]
2022-12-18 18:13:33,942 INFO [main] org.hibernate.dialect.Dialect: HHH000400: Using dialect: org.hibernate.dialect.H2Dialect
2022-12-18 18:13:33,947 ERROR [main] org.hibernate.engine.jdbc.env.internal.JdbcEnvironmentImpl: Could not fetch the SequenceInformation from the database
org.h2.jdbc.JdbcSQLSyntaxErrorException: Column "min_value" not found [42122-210]
	at org.h2.message.DbException.getJdbcSQLException(DbException.java:521)
	at org.h2.message.DbException.getJdbcSQLException(DbException.java:496)
	at org.h2.message.DbException.get(DbException.java:227)
	at org.h2.message.DbException.get(DbException.java:203)
	at org.h2.jdbc.JdbcResultSet.getColumnIndex(JdbcResultSet.java:3492)
	at org.h2.jdbc.JdbcResultSet.getLong(JdbcResultSet.java:745)
	at com.zaxxer.hikari.pool.HikariProxyResultSet.getLong(HikariProxyResultSet.java)
	at org.hibernate.tool.schema.extract.internal.SequenceInformationExtractorLegacyImpl.resultSetMinValue(SequenceInformationExtractorLegacyImpl.java:134)
	at org.hibernate.tool.schema.extract.internal.SequenceInformationExtractorLegacyImpl.extractMetadata(SequenceInformationExtractorLegacyImpl.java:60)
	at org.hibernate.engine.jdbc.env.internal.JdbcEnvironmentImpl.sequenceInformationList(JdbcEnvironmentImpl.java:403)
	at org.hibernate.engine.jdbc.env.internal.JdbcEnvironmentImpl.<init>(JdbcEnvironmentImpl.java:268)
	at org.hibernate.engine.jdbc.env.internal.JdbcEnvironmentInitiator.initiateService(JdbcEnvironmentInitiator.java:114)
	at org.hibernate.engine.jdbc.env.internal.JdbcEnvironmentInitiator.initiateService(JdbcEnvironmentInitiator.java:35)
	at org.hibernate.boot.registry.internal.StandardServiceRegistryImpl.initiateService(StandardServiceRegistryImpl.java:101)
	at org.hibernate.service.internal.AbstractServiceRegistryImpl.createService(AbstractServiceRegistryImpl.java:263)
	at org.hibernate.service.internal.AbstractServiceRegistryImpl.initializeService(AbstractServiceRegistryImpl.java:237)
	at org.hibernate.service.internal.AbstractServiceRegistryImpl.getService(AbstractServiceRegistryImpl.java:214)
	at org.hibernate.id.factory.internal.DefaultIdentifierGeneratorFactory.injectServices(DefaultIdentifierGeneratorFactory.java:152)
	at org.hibernate.service.internal.AbstractServiceRegistryImpl.injectDependencies(AbstractServiceRegistryImpl.java:286)
	at org.hibernate.service.internal.AbstractServiceRegistryImpl.initializeService(AbstractServiceRegistryImpl.java:243)
	at org.hibernate.service.internal.AbstractServiceRegistryImpl.getService(AbstractServiceRegistryImpl.java:214)
	at org.hibernate.boot.internal.InFlightMetadataCollectorImpl.<init>(InFlightMetadataCollectorImpl.java:176)
	at org.hibernate.boot.model.process.spi.MetadataBuildingProcess.complete(MetadataBuildingProcess.java:118)
	at org.hibernate.jpa.boot.internal.EntityManagerFactoryBuilderImpl.metadata(EntityManagerFactoryBuilderImpl.java:1202)
	at org.hibernate.jpa.boot.internal.EntityManagerFactoryBuilderImpl.build(EntityManagerFactoryBuilderImpl.java:1233)
	at org.springframework.orm.jpa.vendor.SpringHibernateJpaPersistenceProvider.createContainerEntityManagerFactory(SpringHibernateJpaPersistenceProvider.java:58)
	at org.springframework.orm.jpa.LocalContainerEntityManagerFactoryBean.createNativeEntityManagerFactory(LocalContainerEntityManagerFactoryBean.java:365)
	at org.springframework.orm.jpa.AbstractEntityManagerFactoryBean.buildNativeEntityManagerFactory(AbstractEntityManagerFactoryBean.java:391)
	at org.springframework.orm.jpa.AbstractEntityManagerFactoryBean.afterPropertiesSet(AbstractEntityManagerFactoryBean.java:378)
	at org.springframework.orm.jpa.LocalContainerEntityManagerFactoryBean.afterPropertiesSet(LocalContainerEntityManagerFactoryBean.java:341)
	at org.springframework.beans.factory.support.AbstractAutowireCapableBeanFactory.invokeInitMethods(AbstractAutowireCapableBeanFactory.java:1855)
	at org.springframework.beans.factory.support.AbstractAutowireCapableBeanFactory.initializeBean(AbstractAutowireCapableBeanFactory.java:1792)
	at org.springframework.beans.factory.support.AbstractAutowireCapableBeanFactory.doCreateBean(AbstractAutowireCapableBeanFactory.java:595)
	at org.springframework.beans.factory.support.AbstractAutowireCapableBeanFactory.createBean(AbstractAutowireCapableBeanFactory.java:517)
	at org.springframework.beans.factory.support.AbstractBeanFactory.lambda$doGetBean$0(AbstractBeanFactory.java:323)
	at org.springframework.beans.factory.support.DefaultSingletonBeanRegistry.getSingleton(DefaultSingletonBeanRegistry.java:222)
	at org.springframework.beans.factory.support.AbstractBeanFactory.doGetBean(AbstractBeanFactory.java:321)
	at org.springframework.beans.factory.support.AbstractBeanFactory.getBean(AbstractBeanFactory.java:202)
	at org.springframework.context.support.AbstractApplicationContext.getBean(AbstractApplicationContext.java:1108)
	at org.springframework.context.support.AbstractApplicationContext.finishBeanFactoryInitialization(AbstractApplicationContext.java:868)
	at org.springframework.context.support.AbstractApplicationContext.refresh(AbstractApplicationContext.java:550)
	at org.springframework.boot.SpringApplication.refresh(SpringApplication.java:747)
	at org.springframework.boot.SpringApplication.refreshContext(SpringApplication.java:397)
	at org.springframework.boot.SpringApplication.run(SpringApplication.java:315)
	at org.springframework.boot.test.context.SpringBootContextLoader.loadContext(SpringBootContextLoader.java:126)
	at org.springframework.test.context.cache.DefaultCacheAwareContextLoaderDelegate.loadContextInternal(DefaultCacheAwareContextLoaderDelegate.java:99)
	at org.springframework.test.context.cache.DefaultCacheAwareContextLoaderDelegate.loadContext(DefaultCacheAwareContextLoaderDelegate.java:124)
	at org.springframework.test.context.support.DefaultTestContext.getApplicationContext(DefaultTestContext.java:123)
	at org.springframework.test.context.support.DependencyInjectionTestExecutionListener.injectDependencies(DependencyInjectionTestExecutionListener.java:118)
	at org.springframework.test.context.support.DependencyInjectionTestExecutionListener.prepareTestInstance(DependencyInjectionTestExecutionListener.java:83)
	at org.springframework.test.context.TestContextManager.prepareTestInstance(TestContextManager.java:244)
	at org.springframework.test.context.junit.jupiter.SpringExtension.postProcessTestInstance(SpringExtension.java:98)
	at org.junit.jupiter.engine.descriptor.ClassBasedTestDescriptor.lambda$invokeTestInstancePostProcessors$5(ClassBasedTestDescriptor.java:337)
	at org.junit.jupiter.engine.descriptor.ClassBasedTestDescriptor.executeAndMaskThrowable(ClassBasedTestDescriptor.java:342)
	at org.junit.jupiter.engine.descriptor.ClassBasedTestDescriptor.lambda$invokeTestInstancePostProcessors$6(ClassBasedTestDescriptor.java:337)
	at java.base/java.util.stream.ReferencePipeline$3$1.accept(ReferencePipeline.java:195)
	at java.base/java.util.stream.ReferencePipeline$2$1.accept(ReferencePipeline.java:177)
	at java.base/java.util.ArrayList$ArrayListSpliterator.forEachRemaining(ArrayList.java:1655)
	at java.base/java.util.stream.AbstractPipeline.copyInto(AbstractPipeline.java:484)
	at java.base/java.util.stream.AbstractPipeline.wrapAndCopyInto(AbstractPipeline.java:474)
	at java.base/java.util.stream.StreamSpliterators$WrappingSpliterator.forEachRemaining(StreamSpliterators.java:312)
	at java.base/java.util.stream.Streams$ConcatSpliterator.forEachRemaining(Streams.java:735)
	at java.base/java.util.stream.Streams$ConcatSpliterator.forEachRemaining(Streams.java:734)
	at java.base/java.util.stream.ReferencePipeline$Head.forEach(ReferencePipeline.java:658)
	at org.junit.jupiter.engine.descriptor.ClassBasedTestDescriptor.invokeTestInstancePostProcessors(ClassBasedTestDescriptor.java:336)
	at org.junit.jupiter.engine.descriptor.ClassBasedTestDescriptor.instantiateAndPostProcessTestInstance(ClassBasedTestDescriptor.java:259)
	at org.junit.jupiter.engine.descriptor.ClassBasedTestDescriptor.lambda$testInstancesProvider$2(ClassBasedTestDescriptor.java:252)
	at java.base/java.util.Optional.orElseGet(Optional.java:369)
	at org.junit.jupiter.engine.descriptor.ClassBasedTestDescriptor.lambda$testInstancesProvider$3(ClassBasedTestDescriptor.java:251)
	at org.junit.jupiter.engine.execution.TestInstancesProvider.getTestInstances(TestInstancesProvider.java:29)
	at org.junit.jupiter.engine.descriptor.TestMethodTestDescriptor.lambda$prepare$0(TestMethodTestDescriptor.java:106)
	at org.junit.platform.engine.support.hierarchical.ThrowableCollector.execute(ThrowableCollector.java:73)
	at org.junit.jupiter.engine.descriptor.TestMethodTestDescriptor.prepare(TestMethodTestDescriptor.java:105)
	at org.junit.jupiter.engine.descriptor.TestMethodTestDescriptor.prepare(TestMethodTestDescriptor.java:69)
	at org.junit.platform.engine.support.hierarchical.NodeTestTask.lambda$prepare$1(NodeTestTask.java:107)
	at org.junit.platform.engine.support.hierarchical.ThrowableCollector.execute(ThrowableCollector.java:73)
	at org.junit.platform.engine.support.hierarchical.NodeTestTask.prepare(NodeTestTask.java:107)
	at org.junit.platform.engine.support.hierarchical.NodeTestTask.execute(NodeTestTask.java:75)
	at java.base/java.util.ArrayList.forEach(ArrayList.java:1541)
	at org.junit.platform.engine.support.hierarchical.SameThreadHierarchicalTestExecutorService.invokeAll(SameThreadHierarchicalTestExecutorService.java:38)
	at org.junit.platform.engine.support.hierarchical.NodeTestTask.lambda$executeRecursively$5(NodeTestTask.java:139)
	at org.junit.platform.engine.support.hierarchical.ThrowableCollector.execute(ThrowableCollector.java:73)
	at org.junit.platform.engine.support.hierarchical.NodeTestTask.lambda$executeRecursively$7(NodeTestTask.java:125)
	at org.junit.platform.engine.support.hierarchical.Node.around(Node.java:135)
	at org.junit.platform.engine.support.hierarchical.NodeTestTask.lambda$executeRecursively$8(NodeTestTask.java:123)
	at org.junit.platform.engine.support.hierarchical.ThrowableCollector.execute(ThrowableCollector.java:73)
	at org.junit.platform.engine.support.hierarchical.NodeTestTask.executeRecursively(NodeTestTask.java:122)
	at org.junit.platform.engine.support.hierarchical.NodeTestTask.execute(NodeTestTask.java:80)
	at java.base/java.util.ArrayList.forEach(ArrayList.java:1541)
	at org.junit.platform.engine.support.hierarchical.SameThreadHierarchicalTestExecutorService.invokeAll(SameThreadHierarchicalTestExecutorService.java:38)
	at org.junit.platform.engine.support.hierarchical.NodeTestTask.lambda$executeRecursively$5(NodeTestTask.java:139)
	at org.junit.platform.engine.support.hierarchical.ThrowableCollector.execute(ThrowableCollector.java:73)
	at org.junit.platform.engine.support.hierarchical.NodeTestTask.lambda$executeRecursively$7(NodeTestTask.java:125)
	at org.junit.platform.engine.support.hierarchical.Node.around(Node.java:135)
	at org.junit.platform.engine.support.hierarchical.NodeTestTask.lambda$executeRecursively$8(NodeTestTask.java:123)
	at org.junit.platform.engine.support.hierarchical.ThrowableCollector.execute(ThrowableCollector.java:73)
	at org.junit.platform.engine.support.hierarchical.NodeTestTask.executeRecursively(NodeTestTask.java:122)
	at org.junit.platform.engine.support.hierarchical.NodeTestTask.execute(NodeTestTask.java:80)
	at org.junit.platform.engine.support.hierarchical.SameThreadHierarchicalTestExecutorService.submit(SameThreadHierarchicalTestExecutorService.java:32)
	at org.junit.platform.engine.support.hierarchical.HierarchicalTestExecutor.execute(HierarchicalTestExecutor.java:57)
	at org.junit.platform.engine.support.hierarchical.HierarchicalTestEngine.execute(HierarchicalTestEngine.java:51)
	at org.junit.platform.launcher.core.DefaultLauncher.execute(DefaultLauncher.java:220)
	at org.junit.platform.launcher.core.DefaultLauncher.lambda$execute$6(DefaultLauncher.java:188)
	at org.junit.platform.launcher.core.DefaultLauncher.withInterceptedStreams(DefaultLauncher.java:202)
	at org.junit.platform.launcher.core.DefaultLauncher.execute(DefaultLauncher.java:181)
	at org.junit.platform.launcher.core.DefaultLauncher.execute(DefaultLauncher.java:128)
	at org.apache.maven.surefire.junitplatform.JUnitPlatformProvider.invokeAllTests(JUnitPlatformProvider.java:150)
	at org.apache.maven.surefire.junitplatform.JUnitPlatformProvider.invoke(JUnitPlatformProvider.java:124)
	at org.apache.maven.surefire.booter.ForkedBooter.invokeProviderInSameClassLoader(ForkedBooter.java:384)
	at org.apache.maven.surefire.booter.ForkedBooter.runSuitesInProcess(ForkedBooter.java:345)
	at org.apache.maven.surefire.booter.ForkedBooter.execute(ForkedBooter.java:126)
	at org.apache.maven.surefire.booter.ForkedBooter.main(ForkedBooter.java:418)
2022-12-18 18:13:34,135 INFO [main] org.hibernate.engine.transaction.jta.platform.internal.JtaPlatformInitiator: HHH000490: Using JtaPlatform implementation: [org.hibernate.engine.transaction.jta.platform.internal.NoJtaPlatform]
2022-12-18 18:13:34,136 INFO [main] org.springframework.orm.jpa.AbstractEntityManagerFactoryBean: Initialized JPA EntityManagerFactory for persistence unit 'default'
2022-12-18 18:13:34,436 INFO [main] org.springframework.boot.autoconfigure.security.servlet.UserDetailsServiceAutoConfiguration: 

Using generated security password: 73d46f20-f934-41ae-b035-bd83de64359e

2022-12-18 18:13:34,503 INFO [main] org.springframework.security.web.DefaultSecurityFilterChain: Creating filter chain: any request, [org.springframework.security.web.context.request.async.WebAsyncManagerIntegrationFilter@a3abb04, org.springframework.security.web.context.SecurityContextPersistenceFilter@74209750, org.springframework.security.web.header.HeaderWriterFilter@1e0cb49, org.springframework.security.web.authentication.logout.LogoutFilter@4d319288, com.sergio.socialnetwork.config.JwtAuthFilter@6f4ed817, com.sergio.socialnetwork.config.UsernamePasswordAuthFilter@3ac383ad, org.springframework.security.web.savedrequest.RequestCacheAwareFilter@7971d40f, org.springframework.security.web.servletapi.SecurityContextHolderAwareRequestFilter@7ecce2eb, org.springframework.security.web.authentication.AnonymousAuthenticationFilter@11e328ac, org.springframework.security.web.session.SessionManagementFilter@1f9b99e7, org.springframework.security.web.access.ExceptionTranslationFilter@1f5241ca, org.springframework.security.web.access.intercept.FilterSecurityInterceptor@d34c7ee]
2022-12-18 18:13:34,964 INFO [main] org.springframework.boot.StartupInfoLogger: Started ImageRepositoryTest in 1.537 seconds (JVM running for 35.492)
2022-12-18 18:13:35,031 INFO [main] org.springframework.test.context.transaction.TransactionContext: Began transaction (1) for test context [DefaultTestContext@80b6ef0 testClass = ImageRepositoryTest, testInstance = com.sergio.socialnetwork.repositories.ImageRepositoryTest@24a723bf, testMethod = testFindImagesFromFriends@ImageRepositoryTest, testException = [null], mergedContextConfiguration = [WebMergedContextConfiguration@23455998 testClass = ImageRepositoryTest, locations = '{}', classes = '{class com.sergio.socialnetwork.Application}', contextInitializerClasses = '[]', activeProfiles = '{}', propertySourceLocations = '{}', propertySourceProperties = '{org.springframework.boot.test.context.SpringBootTestContextBootstrapper=true}', contextCustomizers = set[org.springframework.boot.test.context.filter.ExcludeFilterContextCustomizer@6335f04a, org.springframework.boot.test.json.DuplicateJsonObjectContextCustomizerFactory$DuplicateJsonObjectContextCustomizer@786ff0ea, org.springframework.boot.test.mock.mockito.MockitoContextCustomizer@0, org.springframework.boot.test.web.client.TestRestTemplateContextCustomizer@702096ef, org.springframework.boot.test.autoconfigure.properties.PropertyMappingContextCustomizer@0, org.springframework.boot.test.autoconfigure.web.servlet.WebDriverContextCustomizerFactory$Customizer@7f2c995b], resourceBasePath = 'src/main/webapp', contextLoader = 'org.springframework.boot.test.context.SpringBootContextLoader', parent = [null]], attributes = map['org.springframework.test.context.web.ServletTestExecutionListener.activateListener' -> true, 'com.github.springtestdbunit.DbUnitTestExecutionListener.connection' -> com.github.springtestdbunit.DatabaseConnections@1af20309, 'com.github.springtestdbunit.DbUnitTestExecutionListener.databseOperationLookup' -> com.github.springtestdbunit.operation.DefaultDatabaseOperationLookup@495d8249, 'com.github.springtestdbunit.DbUnitTestExecutionListener.dataSetLoader' -> com.github.springtestdbunit.dataset.FlatXmlDataSetLoader@54faea06]]; transaction manager [org.springframework.orm.jpa.JpaTransactionManager@5140af20]; rollback [true]
2022-12-18 18:13:35,130 WARN [main] org.dbunit.dataset.AbstractTableMetaData: Potential problem found: The configured data type factory 'class org.dbunit.dataset.datatype.DefaultDataTypeFactory' might cause problems with the current database 'H2' (e.g. some datatypes may not be supported properly). In rare cases you might see this message because the list of supported database products is incomplete (list=[derby]). If so please request a java-class update via the forums.If you are using your own IDataTypeFactory extending DefaultDataTypeFactory, ensure that you override getValidDbProducts() to specify the supported database products.
2022-12-18 18:13:35,157 WARN [main] org.dbunit.dataset.AbstractTableMetaData: Potential problem found: The configured data type factory 'class org.dbunit.dataset.datatype.DefaultDataTypeFactory' might cause problems with the current database 'H2' (e.g. some datatypes may not be supported properly). In rare cases you might see this message because the list of supported database products is incomplete (list=[derby]). If so please request a java-class update via the forums.If you are using your own IDataTypeFactory extending DefaultDataTypeFactory, ensure that you override getValidDbProducts() to specify the supported database products.
2022-12-18 18:13:35,267 INFO [main] org.springframework.test.context.transaction.TransactionContext: Rolled back transaction for test: [DefaultTestContext@80b6ef0 testClass = ImageRepositoryTest, testInstance = com.sergio.socialnetwork.repositories.ImageRepositoryTest@24a723bf, testMethod = testFindImagesFromFriends@ImageRepositoryTest, testException = [null], mergedContextConfiguration = [WebMergedContextConfiguration@23455998 testClass = ImageRepositoryTest, locations = '{}', classes = '{class com.sergio.socialnetwork.Application}', contextInitializerClasses = '[]', activeProfiles = '{}', propertySourceLocations = '{}', propertySourceProperties = '{org.springframework.boot.test.context.SpringBootTestContextBootstrapper=true}', contextCustomizers = set[org.springframework.boot.test.context.filter.ExcludeFilterContextCustomizer@6335f04a, org.springframework.boot.test.json.DuplicateJsonObjectContextCustomizerFactory$DuplicateJsonObjectContextCustomizer@786ff0ea, org.springframework.boot.test.mock.mockito.MockitoContextCustomizer@0, org.springframework.boot.test.web.client.TestRestTemplateContextCustomizer@702096ef, org.springframework.boot.test.autoconfigure.properties.PropertyMappingContextCustomizer@0, org.springframework.boot.test.autoconfigure.web.servlet.WebDriverContextCustomizerFactory$Customizer@7f2c995b], resourceBasePath = 'src/main/webapp', contextLoader = 'org.springframework.boot.test.context.SpringBootContextLoader', parent = [null]], attributes = map['org.springframework.test.context.web.ServletTestExecutionListener.activateListener' -> true, 'com.github.springtestdbunit.DbUnitTestExecutionListener.connection' -> com.github.springtestdbunit.DatabaseConnections@1af20309, 'com.github.springtestdbunit.DbUnitTestExecutionListener.databseOperationLookup' -> com.github.springtestdbunit.operation.DefaultDatabaseOperationLookup@495d8249, 'com.github.springtestdbunit.DbUnitTestExecutionListener.dataSetLoader' -> com.github.springtestdbunit.dataset.FlatXmlDataSetLoader@54faea06]]
2022-12-18 18:13:35,271 INFO [main] org.springframework.test.context.support.AbstractTestContextBootstrapper: Neither @ContextConfiguration nor @ContextHierarchy found for test class [com.sergio.socialnetwork.repositories.MessageRepositoryTest], using SpringBootContextLoader
2022-12-18 18:13:35,273 INFO [main] org.springframework.test.context.support.AbstractContextLoader: Could not detect default resource locations for test class [com.sergio.socialnetwork.repositories.MessageRepositoryTest]: no resource found for suffixes {-context.xml, Context.groovy}.
2022-12-18 18:13:35,273 INFO [main] org.springframework.test.context.support.AnnotationConfigContextLoaderUtils: Could not detect default configuration classes for test class [com.sergio.socialnetwork.repositories.MessageRepositoryTest]: MessageRepositoryTest does not declare any static, non-private, non-final, nested classes annotated with @Configuration.
2022-12-18 18:13:35,275 INFO [main] org.springframework.boot.test.context.SpringBootTestContextBootstrapper: Found @SpringBootConfiguration com.sergio.socialnetwork.Application for test class com.sergio.socialnetwork.repositories.MessageRepositoryTest
2022-12-18 18:13:35,277 INFO [main] org.springframework.test.context.support.AbstractTestContextBootstrapper: Using TestExecutionListeners: [org.springframework.test.context.support.DependencyInjectionTestExecutionListener@6146fbfc, org.springframework.test.context.support.DirtiesContextTestExecutionListener@5fd7b21b, org.springframework.test.context.transaction.TransactionalTestExecutionListener@596d382d, com.github.springtestdbunit.DbUnitTestExecutionListener@340a300a]
2022-12-18 18:13:35,283 INFO [main] org.springframework.test.context.transaction.TransactionContext: Began transaction (1) for test context [DefaultTestContext@e09545 testClass = MessageRepositoryTest, testInstance = com.sergio.socialnetwork.repositories.MessageRepositoryTest@30fc6924, testMethod = testFindByUser@MessageRepositoryTest, testException = [null], mergedContextConfiguration = [WebMergedContextConfiguration@55139551 testClass = MessageRepositoryTest, locations = '{}', classes = '{class com.sergio.socialnetwork.Application}', contextInitializerClasses = '[]', activeProfiles = '{}', propertySourceLocations = '{}', propertySourceProperties = '{org.springframework.boot.test.context.SpringBootTestContextBootstrapper=true}', contextCustomizers = set[org.springframework.boot.test.context.filter.ExcludeFilterContextCustomizer@6335f04a, org.springframework.boot.test.json.DuplicateJsonObjectContextCustomizerFactory$DuplicateJsonObjectContextCustomizer@786ff0ea, org.springframework.boot.test.mock.mockito.MockitoContextCustomizer@0, org.springframework.boot.test.web.client.TestRestTemplateContextCustomizer@702096ef, org.springframework.boot.test.autoconfigure.properties.PropertyMappingContextCustomizer@0, org.springframework.boot.test.autoconfigure.web.servlet.WebDriverContextCustomizerFactory$Customizer@7f2c995b], resourceBasePath = 'src/main/webapp', contextLoader = 'org.springframework.boot.test.context.SpringBootContextLoader', parent = [null]], attributes = map['org.springframework.test.context.web.ServletTestExecutionListener.activateListener' -> true, 'com.github.springtestdbunit.DbUnitTestExecutionListener.connection' -> com.github.springtestdbunit.DatabaseConnections@1a3a3d4b, 'com.github.springtestdbunit.DbUnitTestExecutionListener.databseOperationLookup' -> com.github.springtestdbunit.operation.DefaultDatabaseOperationLookup@1e74d9f4, 'com.github.springtestdbunit.DbUnitTestExecutionListener.dataSetLoader' -> com.github.springtestdbunit.dataset.FlatXmlDataSetLoader@4d923657]]; transaction manager [org.springframework.orm.jpa.JpaTransactionManager@5140af20]; rollback [true]
2022-12-18 18:13:35,289 WARN [main] org.dbunit.dataset.AbstractTableMetaData: Potential problem found: The configured data type factory 'class org.dbunit.dataset.datatype.DefaultDataTypeFactory' might cause problems with the current database 'H2' (e.g. some datatypes may not be supported properly). In rare cases you might see this message because the list of supported database products is incomplete (list=[derby]). If so please request a java-class update via the forums.If you are using your own IDataTypeFactory extending DefaultDataTypeFactory, ensure that you override getValidDbProducts() to specify the supported database products.
2022-12-18 18:13:35,291 WARN [main] org.dbunit.dataset.AbstractTableMetaData: Potential problem found: The configured data type factory 'class org.dbunit.dataset.datatype.DefaultDataTypeFactory' might cause problems with the current database 'H2' (e.g. some datatypes may not be supported properly). In rare cases you might see this message because the list of supported database products is incomplete (list=[derby]). If so please request a java-class update via the forums.If you are using your own IDataTypeFactory extending DefaultDataTypeFactory, ensure that you override getValidDbProducts() to specify the supported database products.
2022-12-18 18:13:35,325 INFO [main] org.springframework.test.context.transaction.TransactionContext: Rolled back transaction for test: [DefaultTestContext@e09545 testClass = MessageRepositoryTest, testInstance = com.sergio.socialnetwork.repositories.MessageRepositoryTest@30fc6924, testMethod = testFindByUser@MessageRepositoryTest, testException = [null], mergedContextConfiguration = [WebMergedContextConfiguration@55139551 testClass = MessageRepositoryTest, locations = '{}', classes = '{class com.sergio.socialnetwork.Application}', contextInitializerClasses = '[]', activeProfiles = '{}', propertySourceLocations = '{}', propertySourceProperties = '{org.springframework.boot.test.context.SpringBootTestContextBootstrapper=true}', contextCustomizers = set[org.springframework.boot.test.context.filter.ExcludeFilterContextCustomizer@6335f04a, org.springframework.boot.test.json.DuplicateJsonObjectContextCustomizerFactory$DuplicateJsonObjectContextCustomizer@786ff0ea, org.springframework.boot.test.mock.mockito.MockitoContextCustomizer@0, org.springframework.boot.test.web.client.TestRestTemplateContextCustomizer@702096ef, org.springframework.boot.test.autoconfigure.properties.PropertyMappingContextCustomizer@0, org.springframework.boot.test.autoconfigure.web.servlet.WebDriverContextCustomizerFactory$Customizer@7f2c995b], resourceBasePath = 'src/main/webapp', contextLoader = 'org.springframework.boot.test.context.SpringBootContextLoader', parent = [null]], attributes = map['org.springframework.test.context.web.ServletTestExecutionListener.activateListener' -> true, 'com.github.springtestdbunit.DbUnitTestExecutionListener.connection' -> com.github.springtestdbunit.DatabaseConnections@1a3a3d4b, 'com.github.springtestdbunit.DbUnitTestExecutionListener.databseOperationLookup' -> com.github.springtestdbunit.operation.DefaultDatabaseOperationLookup@1e74d9f4, 'com.github.springtestdbunit.DbUnitTestExecutionListener.dataSetLoader' -> com.github.springtestdbunit.dataset.FlatXmlDataSetLoader@4d923657]]
2022-12-18 18:13:35,329 INFO [main] org.springframework.test.context.transaction.TransactionContext: Began transaction (1) for test context [DefaultTestContext@e09545 testClass = MessageRepositoryTest, testInstance = com.sergio.socialnetwork.repositories.MessageRepositoryTest@7ca5479d, testMethod = testFindMessagesFromFriends@MessageRepositoryTest, testException = [null], mergedContextConfiguration = [WebMergedContextConfiguration@55139551 testClass = MessageRepositoryTest, locations = '{}', classes = '{class com.sergio.socialnetwork.Application}', contextInitializerClasses = '[]', activeProfiles = '{}', propertySourceLocations = '{}', propertySourceProperties = '{org.springframework.boot.test.context.SpringBootTestContextBootstrapper=true}', contextCustomizers = set[org.springframework.boot.test.context.filter.ExcludeFilterContextCustomizer@6335f04a, org.springframework.boot.test.json.DuplicateJsonObjectContextCustomizerFactory$DuplicateJsonObjectContextCustomizer@786ff0ea, org.springframework.boot.test.mock.mockito.MockitoContextCustomizer@0, org.springframework.boot.test.web.client.TestRestTemplateContextCustomizer@702096ef, org.springframework.boot.test.autoconfigure.properties.PropertyMappingContextCustomizer@0, org.springframework.boot.test.autoconfigure.web.servlet.WebDriverContextCustomizerFactory$Customizer@7f2c995b], resourceBasePath = 'src/main/webapp', contextLoader = 'org.springframework.boot.test.context.SpringBootContextLoader', parent = [null]], attributes = map['org.springframework.test.context.web.ServletTestExecutionListener.activateListener' -> true, 'com.github.springtestdbunit.DbUnitTestExecutionListener.connection' -> com.github.springtestdbunit.DatabaseConnections@7f1dcfb4, 'com.github.springtestdbunit.DbUnitTestExecutionListener.databseOperationLookup' -> com.github.springtestdbunit.operation.DefaultDatabaseOperationLookup@4d9cfb34, 'com.github.springtestdbunit.DbUnitTestExecutionListener.dataSetLoader' -> com.github.springtestdbunit.dataset.FlatXmlDataSetLoader@7f5fe8bd]]; transaction manager [org.springframework.orm.jpa.JpaTransactionManager@5140af20]; rollback [true]
2022-12-18 18:13:35,336 WARN [main] org.dbunit.dataset.AbstractTableMetaData: Potential problem found: The configured data type factory 'class org.dbunit.dataset.datatype.DefaultDataTypeFactory' might cause problems with the current database 'H2' (e.g. some datatypes may not be supported properly). In rare cases you might see this message because the list of supported database products is incomplete (list=[derby]). If so please request a java-class update via the forums.If you are using your own IDataTypeFactory extending DefaultDataTypeFactory, ensure that you override getValidDbProducts() to specify the supported database products.
2022-12-18 18:13:35,338 WARN [main] org.dbunit.dataset.AbstractTableMetaData: Potential problem found: The configured data type factory 'class org.dbunit.dataset.datatype.DefaultDataTypeFactory' might cause problems with the current database 'H2' (e.g. some datatypes may not be supported properly). In rare cases you might see this message because the list of supported database products is incomplete (list=[derby]). If so please request a java-class update via the forums.If you are using your own IDataTypeFactory extending DefaultDataTypeFactory, ensure that you override getValidDbProducts() to specify the supported database products.
2022-12-18 18:13:35,352 INFO [main] org.springframework.test.context.transaction.TransactionContext: Rolled back transaction for test: [DefaultTestContext@e09545 testClass = MessageRepositoryTest, testInstance = com.sergio.socialnetwork.repositories.MessageRepositoryTest@7ca5479d, testMethod = testFindMessagesFromFriends@MessageRepositoryTest, testException = [null], mergedContextConfiguration = [WebMergedContextConfiguration@55139551 testClass = MessageRepositoryTest, locations = '{}', classes = '{class com.sergio.socialnetwork.Application}', contextInitializerClasses = '[]', activeProfiles = '{}', propertySourceLocations = '{}', propertySourceProperties = '{org.springframework.boot.test.context.SpringBootTestContextBootstrapper=true}', contextCustomizers = set[org.springframework.boot.test.context.filter.ExcludeFilterContextCustomizer@6335f04a, org.springframework.boot.test.json.DuplicateJsonObjectContextCustomizerFactory$DuplicateJsonObjectContextCustomizer@786ff0ea, org.springframework.boot.test.mock.mockito.MockitoContextCustomizer@0, org.springframework.boot.test.web.client.TestRestTemplateContextCustomizer@702096ef, org.springframework.boot.test.autoconfigure.properties.PropertyMappingContextCustomizer@0, org.springframework.boot.test.autoconfigure.web.servlet.WebDriverContextCustomizerFactory$Customizer@7f2c995b], resourceBasePath = 'src/main/webapp', contextLoader = 'org.springframework.boot.test.context.SpringBootContextLoader', parent = [null]], attributes = map['org.springframework.test.context.web.ServletTestExecutionListener.activateListener' -> true, 'com.github.springtestdbunit.DbUnitTestExecutionListener.connection' -> com.github.springtestdbunit.DatabaseConnections@7f1dcfb4, 'com.github.springtestdbunit.DbUnitTestExecutionListener.databseOperationLookup' -> com.github.springtestdbunit.operation.DefaultDatabaseOperationLookup@4d9cfb34, 'com.github.springtestdbunit.DbUnitTestExecutionListener.dataSetLoader' -> com.github.springtestdbunit.dataset.FlatXmlDataSetLoader@7f5fe8bd]]
2022-12-18 18:13:35,356 INFO [main] org.springframework.test.context.support.AbstractTestContextBootstrapper: Neither @ContextConfiguration nor @ContextHierarchy found for test class [com.sergio.socialnetwork.repositories.UserRepositoryTest], using SpringBootContextLoader
2022-12-18 18:13:35,357 INFO [main] org.springframework.test.context.support.AbstractContextLoader: Could not detect default resource locations for test class [com.sergio.socialnetwork.repositories.UserRepositoryTest]: no resource found for suffixes {-context.xml, Context.groovy}.
2022-12-18 18:13:35,358 INFO [main] org.springframework.test.context.support.AnnotationConfigContextLoaderUtils: Could not detect default configuration classes for test class [com.sergio.socialnetwork.repositories.UserRepositoryTest]: UserRepositoryTest does not declare any static, non-private, non-final, nested classes annotated with @Configuration.
2022-12-18 18:13:35,360 INFO [main] org.springframework.boot.test.context.SpringBootTestContextBootstrapper: Found @SpringBootConfiguration com.sergio.socialnetwork.Application for test class com.sergio.socialnetwork.repositories.UserRepositoryTest
2022-12-18 18:13:35,364 INFO [main] org.springframework.test.context.support.AbstractTestContextBootstrapper: Using TestExecutionListeners: [org.springframework.test.context.support.DependencyInjectionTestExecutionListener@1566e47, org.springframework.test.context.support.DirtiesContextTestExecutionListener@237720df, org.springframework.test.context.transaction.TransactionalTestExecutionListener@4e6d6c18, com.github.springtestdbunit.DbUnitTestExecutionListener@4f4e22c0]
2022-12-18 18:13:35,371 INFO [main] org.springframework.test.context.transaction.TransactionContext: Began transaction (1) for test context [DefaultTestContext@3be4af68 testClass = UserRepositoryTest, testInstance = com.sergio.socialnetwork.repositories.UserRepositoryTest@23f147b0, testMethod = testSearchUsers@UserRepositoryTest, testException = [null], mergedContextConfiguration = [WebMergedContextConfiguration@361a35b1 testClass = UserRepositoryTest, locations = '{}', classes = '{class com.sergio.socialnetwork.Application}', contextInitializerClasses = '[]', activeProfiles = '{}', propertySourceLocations = '{}', propertySourceProperties = '{org.springframework.boot.test.context.SpringBootTestContextBootstrapper=true}', contextCustomizers = set[org.springframework.boot.test.context.filter.ExcludeFilterContextCustomizer@6335f04a, org.springframework.boot.test.json.DuplicateJsonObjectContextCustomizerFactory$DuplicateJsonObjectContextCustomizer@786ff0ea, org.springframework.boot.test.mock.mockito.MockitoContextCustomizer@0, org.springframework.boot.test.web.client.TestRestTemplateContextCustomizer@702096ef, org.springframework.boot.test.autoconfigure.properties.PropertyMappingContextCustomizer@0, org.springframework.boot.test.autoconfigure.web.servlet.WebDriverContextCustomizerFactory$Customizer@7f2c995b], resourceBasePath = 'src/main/webapp', contextLoader = 'org.springframework.boot.test.context.SpringBootContextLoader', parent = [null]], attributes = map['org.springframework.test.context.web.ServletTestExecutionListener.activateListener' -> true, 'com.github.springtestdbunit.DbUnitTestExecutionListener.connection' -> com.github.springtestdbunit.DatabaseConnections@68adb5d4, 'com.github.springtestdbunit.DbUnitTestExecutionListener.databseOperationLookup' -> com.github.springtestdbunit.operation.DefaultDatabaseOperationLookup@762cd846, 'com.github.springtestdbunit.DbUnitTestExecutionListener.dataSetLoader' -> com.github.springtestdbunit.dataset.FlatXmlDataSetLoader@5fc9cdf4]]; transaction manager [org.springframework.orm.jpa.JpaTransactionManager@5140af20]; rollback [true]
2022-12-18 18:13:35,380 WARN [main] org.dbunit.dataset.AbstractTableMetaData: Potential problem found: The configured data type factory 'class org.dbunit.dataset.datatype.DefaultDataTypeFactory' might cause problems with the current database 'H2' (e.g. some datatypes may not be supported properly). In rare cases you might see this message because the list of supported database products is incomplete (list=[derby]). If so please request a java-class update via the forums.If you are using your own IDataTypeFactory extending DefaultDataTypeFactory, ensure that you override getValidDbProducts() to specify the supported database products.
2022-12-18 18:13:35,419 INFO [main] org.springframework.test.context.transaction.TransactionContext: Rolled back transaction for test: [DefaultTestContext@3be4af68 testClass = UserRepositoryTest, testInstance = com.sergio.socialnetwork.repositories.UserRepositoryTest@23f147b0, testMethod = testSearchUsers@UserRepositoryTest, testException = [null], mergedContextConfiguration = [WebMergedContextConfiguration@361a35b1 testClass = UserRepositoryTest, locations = '{}', classes = '{class com.sergio.socialnetwork.Application}', contextInitializerClasses = '[]', activeProfiles = '{}', propertySourceLocations = '{}', propertySourceProperties = '{org.springframework.boot.test.context.SpringBootTestContextBootstrapper=true}', contextCustomizers = set[org.springframework.boot.test.context.filter.ExcludeFilterContextCustomizer@6335f04a, org.springframework.boot.test.json.DuplicateJsonObjectContextCustomizerFactory$DuplicateJsonObjectContextCustomizer@786ff0ea, org.springframework.boot.test.mock.mockito.MockitoContextCustomizer@0, org.springframework.boot.test.web.client.TestRestTemplateContextCustomizer@702096ef, org.springframework.boot.test.autoconfigure.properties.PropertyMappingContextCustomizer@0, org.springframework.boot.test.autoconfigure.web.servlet.WebDriverContextCustomizerFactory$Customizer@7f2c995b], resourceBasePath = 'src/main/webapp', contextLoader = 'org.springframework.boot.test.context.SpringBootContextLoader', parent = [null]], attributes = map['org.springframework.test.context.web.ServletTestExecutionListener.activateListener' -> true, 'com.github.springtestdbunit.DbUnitTestExecutionListener.connection' -> com.github.springtestdbunit.DatabaseConnections@68adb5d4, 'com.github.springtestdbunit.DbUnitTestExecutionListener.databseOperationLookup' -> com.github.springtestdbunit.operation.DefaultDatabaseOperationLookup@762cd846, 'com.github.springtestdbunit.DbUnitTestExecutionListener.dataSetLoader' -> com.github.springtestdbunit.dataset.FlatXmlDataSetLoader@5fc9cdf4]]
2022-12-18 18:13:35,424 INFO [main] org.springframework.test.context.transaction.TransactionContext: Began transaction (1) for test context [DefaultTestContext@3be4af68 testClass = UserRepositoryTest, testInstance = com.sergio.socialnetwork.repositories.UserRepositoryTest@59cab7d8, testMethod = testFindByLogin@UserRepositoryTest, testException = [null], mergedContextConfiguration = [WebMergedContextConfiguration@361a35b1 testClass = UserRepositoryTest, locations = '{}', classes = '{class com.sergio.socialnetwork.Application}', contextInitializerClasses = '[]', activeProfiles = '{}', propertySourceLocations = '{}', propertySourceProperties = '{org.springframework.boot.test.context.SpringBootTestContextBootstrapper=true}', contextCustomizers = set[org.springframework.boot.test.context.filter.ExcludeFilterContextCustomizer@6335f04a, org.springframework.boot.test.json.DuplicateJsonObjectContextCustomizerFactory$DuplicateJsonObjectContextCustomizer@786ff0ea, org.springframework.boot.test.mock.mockito.MockitoContextCustomizer@0, org.springframework.boot.test.web.client.TestRestTemplateContextCustomizer@702096ef, org.springframework.boot.test.autoconfigure.properties.PropertyMappingContextCustomizer@0, org.springframework.boot.test.autoconfigure.web.servlet.WebDriverContextCustomizerFactory$Customizer@7f2c995b], resourceBasePath = 'src/main/webapp', contextLoader = 'org.springframework.boot.test.context.SpringBootContextLoader', parent = [null]], attributes = map['org.springframework.test.context.web.ServletTestExecutionListener.activateListener' -> true, 'com.github.springtestdbunit.DbUnitTestExecutionListener.connection' -> com.github.springtestdbunit.DatabaseConnections@4f88fe23, 'com.github.springtestdbunit.DbUnitTestExecutionListener.databseOperationLookup' -> com.github.springtestdbunit.operation.DefaultDatabaseOperationLookup@efca1a5, 'com.github.springtestdbunit.DbUnitTestExecutionListener.dataSetLoader' -> com.github.springtestdbunit.dataset.FlatXmlDataSetLoader@44b701f9]]; transaction manager [org.springframework.orm.jpa.JpaTransactionManager@5140af20]; rollback [true]
2022-12-18 18:13:35,430 WARN [main] org.dbunit.dataset.AbstractTableMetaData: Potential problem found: The configured data type factory 'class org.dbunit.dataset.datatype.DefaultDataTypeFactory' might cause problems with the current database 'H2' (e.g. some datatypes may not be supported properly). In rare cases you might see this message because the list of supported database products is incomplete (list=[derby]). If so please request a java-class update via the forums.If you are using your own IDataTypeFactory extending DefaultDataTypeFactory, ensure that you override getValidDbProducts() to specify the supported database products.
2022-12-18 18:13:35,446 INFO [main] org.springframework.test.context.transaction.TransactionContext: Rolled back transaction for test: [DefaultTestContext@3be4af68 testClass = UserRepositoryTest, testInstance = com.sergio.socialnetwork.repositories.UserRepositoryTest@59cab7d8, testMethod = testFindByLogin@UserRepositoryTest, testException = [null], mergedContextConfiguration = [WebMergedContextConfiguration@361a35b1 testClass = UserRepositoryTest, locations = '{}', classes = '{class com.sergio.socialnetwork.Application}', contextInitializerClasses = '[]', activeProfiles = '{}', propertySourceLocations = '{}', propertySourceProperties = '{org.springframework.boot.test.context.SpringBootTestContextBootstrapper=true}', contextCustomizers = set[org.springframework.boot.test.context.filter.ExcludeFilterContextCustomizer@6335f04a, org.springframework.boot.test.json.DuplicateJsonObjectContextCustomizerFactory$DuplicateJsonObjectContextCustomizer@786ff0ea, org.springframework.boot.test.mock.mockito.MockitoContextCustomizer@0, org.springframework.boot.test.web.client.TestRestTemplateContextCustomizer@702096ef, org.springframework.boot.test.autoconfigure.properties.PropertyMappingContextCustomizer@0, org.springframework.boot.test.autoconfigure.web.servlet.WebDriverContextCustomizerFactory$Customizer@7f2c995b], resourceBasePath = 'src/main/webapp', contextLoader = 'org.springframework.boot.test.context.SpringBootContextLoader', parent = [null]], attributes = map['org.springframework.test.context.web.ServletTestExecutionListener.activateListener' -> true, 'com.github.springtestdbunit.DbUnitTestExecutionListener.connection' -> com.github.springtestdbunit.DatabaseConnections@4f88fe23, 'com.github.springtestdbunit.DbUnitTestExecutionListener.databseOperationLookup' -> com.github.springtestdbunit.operation.DefaultDatabaseOperationLookup@efca1a5, 'com.github.springtestdbunit.DbUnitTestExecutionListener.dataSetLoader' -> com.github.springtestdbunit.dataset.FlatXmlDataSetLoader@44b701f9]]
2022-12-18 18:13:35,795 DEBUG [main] com.sergio.socialnetwork.services.AuthenticationService: User ghA9cPvUZN authenticated correctly
2022-12-18 18:13:35,978 DEBUG [main] com.sergio.socialnetwork.services.CommunityService: User 93923456748000 created new message
2022-12-18 18:13:36,010 DEBUG [main] com.sergio.socialnetwork.services.UserService: Searching for user by 'term'. Found 1 users
2022-12-18 18:13:36,040 INFO [main] com.sergio.socialnetwork.services.UserService: Current user 93923521246100 is now friend with 93923524377000
2022-12-18 18:13:36,049 INFO [main] com.sergio.socialnetwork.services.UserService: Creating new user nax8T9vTiT
2022-12-18 18:13:36,076 INFO [SpringContextShutdownHook] org.springframework.orm.jpa.AbstractEntityManagerFactoryBean: Closing JPA EntityManagerFactory for persistence unit 'default'
2022-12-18 18:13:36,077 INFO [SpringContextShutdownHook] org.springframework.orm.jpa.AbstractEntityManagerFactoryBean: Closing JPA EntityManagerFactory for persistence unit 'default'
2022-12-18 18:13:36,077 INFO [SpringContextShutdownHook] org.hibernate.tool.schema.internal.SchemaDropperImpl$DelayedDropActionImpl: HHH000477: Starting delayed evictData of schema as part of SessionFactory shut-down'
2022-12-18 18:13:36,077 INFO [SpringContextShutdownHook] org.hibernate.tool.schema.internal.SchemaDropperImpl$DelayedDropActionImpl: HHH000477: Starting delayed evictData of schema as part of SessionFactory shut-down'
2022-12-18 18:13:36,075 INFO [SpringContextShutdownHook] org.springframework.orm.jpa.AbstractEntityManagerFactoryBean: Closing JPA EntityManagerFactory for persistence unit 'default'
2022-12-18 18:13:36,081 INFO [SpringContextShutdownHook] org.hibernate.tool.schema.internal.SchemaDropperImpl$DelayedDropActionImpl: HHH000477: Starting delayed evictData of schema as part of SessionFactory shut-down'
2022-12-18 18:13:36,351 INFO [SpringContextShutdownHook] com.zaxxer.hikari.HikariDataSource: HikariPool-2 - Shutdown initiated...
2022-12-18 18:13:36,353 INFO [SpringContextShutdownHook] com.zaxxer.hikari.HikariDataSource: HikariPool-3 - Shutdown initiated...
2022-12-18 18:13:36,353 INFO [SpringContextShutdownHook] com.zaxxer.hikari.HikariDataSource: HikariPool-1 - Shutdown initiated...
2022-12-18 18:13:36,360 INFO [SpringContextShutdownHook] com.zaxxer.hikari.HikariDataSource: HikariPool-3 - Shutdown completed.
2022-12-18 18:13:36,360 INFO [SpringContextShutdownHook] com.zaxxer.hikari.HikariDataSource: HikariPool-2 - Shutdown completed.
2022-12-18 18:13:36,363 INFO [SpringContextShutdownHook] com.zaxxer.hikari.HikariDataSource: HikariPool-1 - Shutdown completed.
